{ _readableState:
   { highWaterMark: 16384,
     buffer: [],
     length: 0,
     pipes: null,
     pipesCount: 0,
     flowing: false,
     ended: false,
     endEmitted: false,
     reading: false,
     calledRead: false,
     sync: true,
     needReadable: false,
     emittedReadable: false,
     readableListening: false,
     objectMode: false,
     ranOut: false,
     awaitDrain: 0,
     readingMore: false,
     decoder: null },
  readable: true,
  domain: null,
  _events: {},
  _maxListeners: 10,
  socket:
   { _connecting: false,
     _handle:
      { fd: null,
        writeQueueSize: 0,
        owner: [Circular],
        onread: [Function: onread],
        reading: true },
     _readableState:
      { highWaterMark: 16384,
        buffer: [],
        length: 0,
        pipes: null,
        pipesCount: 0,
        flowing: false,
        ended: false,
        endEmitted: false,
        reading: true,
        calledRead: true,
        sync: false,
        needReadable: true,
        emittedReadable: false,
        readableListening: false,
        objectMode: false,
        ranOut: false,
        awaitDrain: 0,
        readingMore: false,
        decoder: null },
     readable: true,
     domain: null,
     _events:
      { end: [Object],
        finish: [Function: onSocketFinish],
        _socketEnd: [Function: onSocketEnd],
        drain: [Function: ondrain],
        timeout: [Function],
        error: [Function],
        close: [Object] },
     _maxListeners: 10,
     _writableState:
      { highWaterMark: 16384,
        objectMode: false,
        needDrain: false,
        ending: false,
        ended: false,
        finished: false,
        decodeStrings: false,
        length: 0,
        writing: false,
        sync: true,
        bufferProcessing: false,
        onwrite: [Function],
        writecb: null,
        writelen: 0,
        buffer: [] },
     writable: true,
     allowHalfOpen: true,
     onend: [Function],
     destroyed: false,
     errorEmitted: false,
     bytesRead: 456,
     _bytesDispatched: 0,
     _pendingData: null,
     _pendingEncoding: '',
     server:
      { domain: null,
        _events: [Object],
        _maxListeners: 10,
        _connections: 1,
        connections: [Getter/Setter],
        _handle: [Object],
        _usingSlaves: false,
        _slaves: [],
        allowHalfOpen: true,
        httpAllowHalfOpen: false,
        timeout: 120000,
        _connectionKey: '4:0.0.0.0:8888' },
     _idleTimeout: 120000,
     _idleNext:
      { _idleNext: [Circular],
        _idlePrev: [Circular],
        msecs: 120000,
        ontimeout: [Function: listOnTimeout] },
     _idlePrev:
      { _idleNext: [Circular],
        _idlePrev: [Circular],
        msecs: 120000,
        ontimeout: [Function: listOnTimeout] },
     _idleStart: 1367369439468,
     parser:
      { _headers: [],
        _url: '',
        onHeaders: [Function: parserOnHeaders],
        onHeadersComplete: [Function: parserOnHeadersComplete],
        onBody: [Function: parserOnBody],
        onMessageComplete: [Function: parserOnMessageComplete],
        socket: [Circular],
        incoming: [Circular],
        maxHeaderPairs: 2000,
        onIncoming: [Function] },
     ondata: [Function],
     _httpMessage:
      { domain: null,
        _events: [Object],
        _maxListeners: 10,
        output: [],
        outputEncodings: [],
        writable: true,
        _last: false,
        chunkedEncoding: false,
        shouldKeepAlive: true,
        useChunkedEncodingByDefault: true,
        sendDate: true,
        _hasBody: true,
        _trailer: '',
        finished: false,
        _hangupClose: false,
        socket: [Circular],
        connection: [Circular] } },
  connection:
   { _connecting: false,
     _handle:
      { fd: null,
        writeQueueSize: 0,
        owner: [Circular],
        onread: [Function: onread],
        reading: true },
     _readableState:
      { highWaterMark: 16384,
        buffer: [],
        length: 0,
        pipes: null,
        pipesCount: 0,
        flowing: false,
        ended: false,
        endEmitted: false,
        reading: true,
        calledRead: true,
        sync: false,
        needReadable: true,
        emittedReadable: false,
        readableListening: false,
        objectMode: false,
        ranOut: false,
        awaitDrain: 0,
        readingMore: false,
        decoder: null },
     readable: true,
     domain: null,
     _events:
      { end: [Object],
        finish: [Function: onSocketFinish],
        _socketEnd: [Function: onSocketEnd],
        drain: [Function: ondrain],
        timeout: [Function],
        error: [Function],
        close: [Object] },
     _maxListeners: 10,
     _writableState:
      { highWaterMark: 16384,
        objectMode: false,
        needDrain: false,
        ending: false,
        ended: false,
        finished: false,
        decodeStrings: false,
        length: 0,
        writing: false,
        sync: true,
        bufferProcessing: false,
        onwrite: [Function],
        writecb: null,
        writelen: 0,
        buffer: [] },
     writable: true,
     allowHalfOpen: true,
     onend: [Function],
     destroyed: false,
     errorEmitted: false,
     bytesRead: 456,
     _bytesDispatched: 0,
     _pendingData: null,
     _pendingEncoding: '',
     server:
      { domain: null,
        _events: [Object],
        _maxListeners: 10,
        _connections: 1,
        connections: [Getter/Setter],
        _handle: [Object],
        _usingSlaves: false,
        _slaves: [],
        allowHalfOpen: true,
        httpAllowHalfOpen: false,
        timeout: 120000,
        _connectionKey: '4:0.0.0.0:8888' },
     _idleTimeout: 120000,
     _idleNext:
      { _idleNext: [Circular],
        _idlePrev: [Circular],
        msecs: 120000,
        ontimeout: [Function: listOnTimeout] },
     _idlePrev:
      { _idleNext: [Circular],
        _idlePrev: [Circular],
        msecs: 120000,
        ontimeout: [Function: listOnTimeout] },
     _idleStart: 1367369439468,
     parser:
      { _headers: [],
        _url: '',
        onHeaders: [Function: parserOnHeaders],
        onHeadersComplete: [Function: parserOnHeadersComplete],
        onBody: [Function: parserOnBody],
        onMessageComplete: [Function: parserOnMessageComplete],
        socket: [Circular],
        incoming: [Circular],
        maxHeaderPairs: 2000,
        onIncoming: [Function] },
     ondata: [Function],
     _httpMessage:
      { domain: null,
        _events: [Object],
        _maxListeners: 10,
        output: [],
        outputEncodings: [],
        writable: true,
        _last: false,
        chunkedEncoding: false,
        shouldKeepAlive: true,
        useChunkedEncodingByDefault: true,
        sendDate: true,
        _hasBody: true,
        _trailer: '',
        finished: false,
        _hangupClose: false,
        socket: [Circular],
        connection: [Circular] } },
  httpVersion: '1.1',
  complete: false,
  headers:
   { host: 'notify1.dropbox.com:80',
     'accept-encoding': 'identity',
     connection: 'keep-alive',
     'x-dropbox-locale': 'en_US',
     'user-agent': 'DropboxDesktopClient/2.0.8 (Windows; 8; i32; en_US)' },
  trailers: {},
  _pendings: [],
  _pendingIndex: 0,
  url: 'http://notify1.dropbox.com:80/subscribe?host_int=426145591&ns_map=140875936_3680927848608,254776946_236477978226,116893507_532692838211,43475253_30640340164917,126591974_12541431096294,241893481_369609080937,251736348_1035338854684&user_id=27537420&nid=0&ts=1367369439',
  method: 'GET',
  statusCode: null,
  client:
   { _connecting: false,
     _handle:
      { fd: null,
        writeQueueSize: 0,
        owner: [Circular],
        onread: [Function: onread],
        reading: true },
     _readableState:
      { highWaterMark: 16384,
        buffer: [],
        length: 0,
        pipes: null,
        pipesCount: 0,
        flowing: false,
        ended: false,
        endEmitted: false,
        reading: true,
        calledRead: true,
        sync: false,
        needReadable: true,
        emittedReadable: false,
        readableListening: false,
        objectMode: false,
        ranOut: false,
        awaitDrain: 0,
        readingMore: false,
        decoder: null },
     readable: true,
     domain: null,
     _events:
      { end: [Object],
        finish: [Function: onSocketFinish],
        _socketEnd: [Function: onSocketEnd],
        drain: [Function: ondrain],
        timeout: [Function],
        error: [Function],
        close: [Object] },
     _maxListeners: 10,
     _writableState:
      { highWaterMark: 16384,
        objectMode: false,
        needDrain: false,
        ending: false,
        ended: false,
        finished: false,
        decodeStrings: false,
        length: 0,
        writing: false,
        sync: true,
        bufferProcessing: false,
        onwrite: [Function],
        writecb: null,
        writelen: 0,
        buffer: [] },
     writable: true,
     allowHalfOpen: true,
     onend: [Function],
     destroyed: false,
     errorEmitted: false,
     bytesRead: 456,
     _bytesDispatched: 0,
     _pendingData: null,
     _pendingEncoding: '',
     server:
      { domain: null,
        _events: [Object],
        _maxListeners: 10,
        _connections: 1,
        connections: [Getter/Setter],
        _handle: [Object],
        _usingSlaves: false,
        _slaves: [],
        allowHalfOpen: true,
        httpAllowHalfOpen: false,
        timeout: 120000,
        _connectionKey: '4:0.0.0.0:8888' },
     _idleTimeout: 120000,
     _idleNext:
      { _idleNext: [Circular],
        _idlePrev: [Circular],
        msecs: 120000,
        ontimeout: [Function: listOnTimeout] },
     _idlePrev:
      { _idleNext: [Circular],
        _idlePrev: [Circular],
        msecs: 120000,
        ontimeout: [Function: listOnTimeout] },
     _idleStart: 1367369439468,
     parser:
      { _headers: [],
        _url: '',
        onHeaders: [Function: parserOnHeaders],
        onHeadersComplete: [Function: parserOnHeadersComplete],
        onBody: [Function: parserOnBody],
        onMessageComplete: [Function: parserOnMessageComplete],
        socket: [Circular],
        incoming: [Circular],
        maxHeaderPairs: 2000,
        onIncoming: [Function] },
     ondata: [Function],
     _httpMessage:
      { domain: null,
        _events: [Object],
        _maxListeners: 10,
        output: [],
        outputEncodings: [],
        writable: true,
        _last: false,
        chunkedEncoding: false,
        shouldKeepAlive: true,
        useChunkedEncodingByDefault: true,
        sendDate: true,
        _hasBody: true,
        _trailer: '',
        finished: false,
        _hangupClose: false,
        socket: [Circular],
        connection: [Circular] } },
  _consuming: false,
  _dumped: false,
  httpVersionMajor: 1,
  httpVersionMinor: 1,
  upgrade: false }











































